<?xml version="1.0" encoding="UTF-8"?>
<!-- Generated by org.testng.reporters.JUnitReportReporter -->
<testsuite hostname="DESKTOP-8H0KD1B" failures="0" tests="1" name="parameterization_testng.xml_file.Parameterization_Child3" time="3.703" errors="0" timestamp="2022-09-02T00:27:28 MDT" skipped="0">
  <testcase classname="parameterization_testng.xml_file.Parameterization_Child3" name="clickOnSignin" time="3.703"/>
  <system-out/>
</testsuite> <!-- parameterization_testng.xml_file.Parameterization_Child3 -->
