<?xml version="1.0" encoding="UTF-8"?>
<!-- Generated by org.testng.reporters.JUnitReportReporter -->
<testsuite hostname="DESKTOP-8H0KD1B" failures="0" tests="11" name="testng.parallel.concept.dataprovider.TestNG_Parallel_Method" time="212.140" errors="0" timestamp="2022-09-08T14:51:12 MDT" skipped="0">
  <testcase classname="testng.parallel.concept.dataprovider.TestNG_Parallel_Method" name="testcase1" time="32.297"/>
  <system-out/>
  <testcase classname="testng.parallel.concept.dataprovider.TestNG_Parallel_Method" name="testcase1" time="13.668"/>
  <system-out/>
  <testcase classname="testng.parallel.concept.dataprovider.TestNG_Parallel_Method" name="testcase1" time="12.367"/>
  <system-out/>
  <testcase classname="testng.parallel.concept.dataprovider.TestNG_Parallel_Method" name="testcase1" time="16.805"/>
  <system-out/>
  <testcase classname="testng.parallel.concept.dataprovider.TestNG_Parallel_Method" name="testcase1" time="27.752"/>
  <system-out/>
  <testcase classname="testng.parallel.concept.dataprovider.TestNG_Parallel_Method" name="testcase2" time="22.403"/>
  <system-out/>
  <testcase classname="testng.parallel.concept.dataprovider.TestNG_Parallel_Method" name="testcase2" time="26.628"/>
  <system-out/>
  <testcase classname="testng.parallel.concept.dataprovider.TestNG_Parallel_Method" name="testcase2" time="18.636"/>
  <system-out/>
  <testcase classname="testng.parallel.concept.dataprovider.TestNG_Parallel_Method" name="testcase2" time="18.611"/>
  <system-out/>
  <testcase classname="testng.parallel.concept.dataprovider.TestNG_Parallel_Method" name="testcase2" time="22.970"/>
  <system-out/>
  <testcase classname="testng.parallel.concept.dataprovider.TestNG_Parallel_Method" name="testcase3" time="0.003"/>
  <system-out/>
</testsuite> <!-- testng.parallel.concept.dataprovider.TestNG_Parallel_Method -->
