<?xml version="1.0" encoding="UTF-8"?>
<!-- Generated by org.testng.reporters.JUnitReportReporter -->
<testsuite hostname="DESKTOP-8H0KD1B" failures="0" tests="1" name="understanding_testng.xml_file.Child1" time="0.014" errors="0" timestamp="2022-09-01T16:20:00 MDT" skipped="0">
  <testcase classname="understanding_testng.xml_file.Child1" name="Child1Addition" time="0.014"/>
  <system-out/>
</testsuite> <!-- understanding_testng.xml_file.Child1 -->
