<?xml version="1.0" encoding="UTF-8"?>
<!-- Generated by org.testng.reporters.JUnitReportReporter -->
<testsuite hostname="DESKTOP-8H0KD1B" failures="0" tests="1" name="testcases_uat_envirement.Login_Uat_Env" time="0.001" errors="0" timestamp="2022-09-13T21:16:46 MDT" skipped="0">
  <testcase classname="testcases_uat_envirement.Login_Uat_Env" name="LoginCodeUatEnv" time="0.001"/>
  <system-out/>
</testsuite> <!-- testcases_uat_envirement.Login_Uat_Env -->
