<?xml version="1.0" encoding="UTF-8"?>
<!-- Generated by org.testng.reporters.JUnitReportReporter -->
<testsuite hostname="DESKTOP-8H0KD1B" failures="0" tests="5" name="testng.groups.Groups_Concepts" time="0.025" errors="0" timestamp="2022-09-09T15:31:26 MDT" skipped="0">
  <testcase classname="testng.groups.Groups_Concepts" name="testcase4" time="0.002"/>
  <system-out/>
  <testcase classname="testng.groups.Groups_Concepts" name="testcase3" time="0.002"/>
  <system-out/>
  <testcase classname="testng.groups.Groups_Concepts" name="testcase1" time="0.015"/>
  <system-out/>
  <testcase classname="testng.groups.Groups_Concepts" name="testcase2" time="0.003"/>
  <system-out/>
  <testcase classname="testng.groups.Groups_Concepts" name="testcase5" time="0.003"/>
  <system-out/>
</testsuite> <!-- testng.groups.Groups_Concepts -->
