<?xml version="1.0" encoding="UTF-8"?>
<!-- Generated by org.testng.reporters.JUnitReportReporter -->
<testsuite hostname="DESKTOP-8H0KD1B" failures="0" tests="1" name="testcases_prod_envirement.Logout_Prod_Env" time="0.003" errors="0" timestamp="2022-09-13T21:16:46 MDT" skipped="0">
  <testcase classname="testcases_prod_envirement.Logout_Prod_Env" name="LogoutCodeProdEnv" time="0.003"/>
  <system-out/>
</testsuite> <!-- testcases_prod_envirement.Logout_Prod_Env -->
