<?xml version="1.0" encoding="UTF-8"?>
<!-- Generated by org.testng.reporters.JUnitReportReporter -->
<testsuite hostname="DESKTOP-8H0KD1B" failures="0" tests="12" name="com.link.dataprovider.testcases.Multiple_TestCases_Link" time="0.049" errors="0" timestamp="2022-09-07T22:43:14 MDT" skipped="0">
  <testcase classname="com.link.dataprovider.testcases.Multiple_TestCases_Link" name="launchUrl" time="0.008"/>
  <system-out/>
  <testcase classname="com.link.dataprovider.testcases.Multiple_TestCases_Link" name="launchUrl" time="0.002"/>
  <system-out/>
  <testcase classname="com.link.dataprovider.testcases.Multiple_TestCases_Link" name="launchUrl" time="0.002"/>
  <system-out/>
  <testcase classname="com.link.dataprovider.testcases.Multiple_TestCases_Link" name="entercredentials" time="0.010"/>
  <system-out/>
  <testcase classname="com.link.dataprovider.testcases.Multiple_TestCases_Link" name="entercredentials" time="0.002"/>
  <system-out/>
  <testcase classname="com.link.dataprovider.testcases.Multiple_TestCases_Link" name="entercredentials" time="0.006"/>
  <system-out/>
  <testcase classname="com.link.dataprovider.testcases.Multiple_TestCases_Link" name="inboxPage" time="0.002"/>
  <system-out/>
  <testcase classname="com.link.dataprovider.testcases.Multiple_TestCases_Link" name="inboxPage" time="0.003"/>
  <system-out/>
  <testcase classname="com.link.dataprovider.testcases.Multiple_TestCases_Link" name="inboxPage" time="0.002"/>
  <system-out/>
  <testcase classname="com.link.dataprovider.testcases.Multiple_TestCases_Link" name="logout" time="0.004"/>
  <system-out/>
  <testcase classname="com.link.dataprovider.testcases.Multiple_TestCases_Link" name="logout" time="0.002"/>
  <system-out/>
  <testcase classname="com.link.dataprovider.testcases.Multiple_TestCases_Link" name="logout" time="0.006"/>
  <system-out/>
</testsuite> <!-- com.link.dataprovider.testcases.Multiple_TestCases_Link -->
