<?xml version="1.0" encoding="UTF-8"?>
<!-- Generated by org.testng.reporters.JUnitReportReporter -->
<testsuite hostname="DESKTOP-8H0KD1B" failures="0" tests="2" name="com.dataprovider.code.DataProvider_Automation_Application" time="0.316" errors="0" timestamp="2022-09-07T15:27:10 MDT" skipped="0">
  <testcase classname="com.dataprovider.code.DataProvider_Automation_Application" name="dataMetrix" time="0.166"/>
  <system-out>
    <![CDATA[The keyname for username is : sanity Test
The keyname for password is : sanity Test]]>
  </system-out>
  <testcase classname="com.dataprovider.code.DataProvider_Automation_Application" name="dataMetrix" time="0.150"/>
  <system-out>
    <![CDATA[The keyname for username is : regression Test
The keyname for password is : regression Test]]>
  </system-out>
</testsuite> <!-- com.dataprovider.code.DataProvider_Automation_Application -->
