<?xml version="1.0" encoding="UTF-8"?>
<!-- Generated by org.testng.reporters.JUnitReportReporter -->
<testsuite hostname="DESKTOP-8H0KD1B" failures="0" tests="3" name="com.dataprovider.code.DataProvider_Concept" time="0.017" errors="0" timestamp="2022-09-06T16:21:24 MDT" skipped="0">
  <testcase classname="com.dataprovider.code.DataProvider_Concept" name="DataMetrix" time="0.002"/>
  <system-out/>
  <testcase classname="com.dataprovider.code.DataProvider_Concept" name="DataMetrix" time="0.004"/>
  <system-out/>
  <testcase classname="com.dataprovider.code.DataProvider_Concept" name="DataMetrix" time="0.011"/>
  <system-out/>
</testsuite> <!-- com.dataprovider.code.DataProvider_Concept -->
