<?xml version="1.0" encoding="UTF-8"?>
<!-- Generated by org.testng.reporters.JUnitReportReporter -->
<testsuite hostname="DESKTOP-8H0KD1B" failures="0" tests="1" name="com.testing.code.Rediff_TestNG" time="5.370" errors="0" timestamp="2022-08-30T22:21:55 MDT" skipped="0">
  <testcase classname="com.testing.code.Rediff_TestNG" name="logineCredentials" time="5.370"/>
  <system-out/>
</testsuite> <!-- com.testing.code.Rediff_TestNG -->
