<?xml version="1.0" encoding="UTF-8"?>
<!-- Generated by org.testng.reporters.JUnitReportReporter -->
<testsuite hostname="DESKTOP-8H0KD1B" failures="0" tests="1" name="com.oops.code.Parent_Automation" time="7.433" errors="0" timestamp="2022-08-30T15:48:04 MDT" skipped="0">
  <testcase classname="com.oops.code.Parent_Automation" name="init" time="7.433"/>
  <system-out/>
</testsuite> <!-- com.oops.code.Parent_Automation -->
