<?xml version="1.0" encoding="UTF-8"?>
<!-- Generated by org.testng.reporters.JUnitReportReporter -->
<testsuite hostname="DESKTOP-8H0KD1B" failures="0" tests="2" name="testng.paraller.concept.dataprovider.TestNG_Paraller_Method" time="16.529" errors="0" timestamp="2022-09-07T23:22:00 MDT" skipped="0">
  <testcase classname="testng.paraller.concept.dataprovider.TestNG_Paraller_Method" name="testcase1" time="6.487"/>
  <system-out/>
  <testcase classname="testng.paraller.concept.dataprovider.TestNG_Paraller_Method" name="testcase2" time="10.042"/>
  <system-out/>
</testsuite> <!-- testng.paraller.concept.dataprovider.TestNG_Paraller_Method -->
