<?xml version="1.0" encoding="UTF-8"?>
<!-- Generated by org.testng.reporters.JUnitReportReporter -->
<testsuite hostname="DESKTOP-8H0KD1B" failures="0" tests="1" name="testcases_test_envirement.Regester_Test_Env" time="0.002" errors="0" timestamp="2022-09-13T21:16:46 MDT" skipped="0">
  <testcase classname="testcases_test_envirement.Regester_Test_Env" name="RegesterCodeTestEnv" time="0.002"/>
  <system-out/>
</testsuite> <!-- testcases_test_envirement.Regester_Test_Env -->
